7.1536 	WARNING 	User requested fullscreen with size [1024  768], but screen is actually [2560, 1440]. Using actual size
9.0303 	EXP 	Created window1 = Window(allowGUI=False, allowStencil=False, args=UNKNOWN, autoLog=True, bitsMode=UNKNOWN, blendMode='avg', color=array([0., 0., 0.]), colorSpace='rgb', fullscr=<method-wrapper '__getattribute__' of attributeSetter object at 0x0000023CC9B04BA8>, gamma=None, gammaErrorPolicy='raise', kwargs=UNKNOWN, lms=UNKNOWN, monitor=<psychopy.monitors.calibTools.Monitor object at 0x0000023CC9CEB048>, multiSample=False, name='window1', numSamples=2, pos=[0.0, 0.0], screen=0, size=array([2560, 1440]), stereo=False, units='height', useFBO=True, useRetina=False, viewOri=0.0, viewPos=None, viewScale=None, waitBlanking=True, winType='pyglet')
9.0303 	WARNING 	Starting Microphone but sound lib preference is set to be ['sounddevice', 'PTB', 'pyo', 'pygame']. Clashes might occur since 'pyo' is not preferred lib but is needed for Microphone
10.4689 	EXP 	Set  sound=C
10.4729 	EXP 	C:\Program Files\PsychoPy3\lib\site-packages\psychopy\microphone: switch on (48000hz) took 1.443s
10.4730 	EXP 	window1: recordFrameIntervals = False
10.5967 	EXP 	window1: recordFrameIntervals = True
10.7803 	EXP 	window1: recordFrameIntervals = False
11.4555 	EXP 	Created instructiontext = TextStim(__class__=<class 'psychopy.visual.text.TextStim'>, alignHoriz='center', alignVert='center', antialias=True, autoLog=True, bold=False, color='white', colorSpace='named', contrast=1.0, depth=0.0, flipHoriz=False, flipVert=False, font='Arial', fontFiles=[], height=0.1, italic=False, languageStyle='LTR', name='instructiontext', opacity=1.0, ori=0, pos=array([0., 0.]), rgb=array([255., 255., 255.]), text=str(...), units='height', win=Window(...), wrapWidth=1)
11.4672 	EXP 	Created text1 = TextStim(__class__=<class 'psychopy.visual.text.TextStim'>, alignHoriz='center', alignVert='center', antialias=True, autoLog=True, bold=False, color='blue', colorSpace='named', contrast=1.0, depth=0.0, flipHoriz=False, flipVert=False, font='Arial', fontFiles=[], height=0.1, italic=False, languageStyle='LTR', name='text1', opacity=1.0, ori=0, pos=array([-0.75,  0.  ]), rgb=array([  0.,   0., 255.]), text='default text', units='height', win=Window(...), wrapWidth=1)
11.4788 	EXP 	Sound sound1 set volume 1.000
11.4857 	EXP 	Created text2 = TextStim(__class__=<class 'psychopy.visual.text.TextStim'>, alignHoriz='center', alignVert='center', antialias=True, autoLog=True, bold=False, color='blue', colorSpace='named', contrast=1.0, depth=-2.0, flipHoriz=False, flipVert=False, font='Arial', fontFiles=[], height=0.1, italic=False, languageStyle='LTR', name='text2', opacity=1.0, ori=0, pos=array([-0.25,  0.  ]), rgb=array([  0.,   0., 255.]), text='default text', units='height', win=Window(...), wrapWidth=1)
11.4858 	EXP 	Sound sound2 set volume 1.000
11.4935 	EXP 	Created prime_text = TextStim(__class__=<class 'psychopy.visual.text.TextStim'>, alignHoriz='center', alignVert='center', antialias=True, autoLog=True, bold=False, color='blue', colorSpace='named', contrast=1.0, depth=-4.0, flipHoriz=False, flipVert=False, font='Arial', fontFiles=[], height=0.1, italic=False, languageStyle='LTR', name='prime_text', opacity=1.0, ori=0, pos=array([0.25, 0.  ]), rgb=array([  0.,   0., 255.]), text='default text', units='height', win=Window(...), wrapWidth=1)
11.4935 	EXP 	Sound prime_sound set volume 1.000
11.5005 	EXP 	Created target_text = TextStim(__class__=<class 'psychopy.visual.text.TextStim'>, alignHoriz='center', alignVert='center', antialias=True, autoLog=True, bold=False, color='red', colorSpace='named', contrast=1.0, depth=-6.0, flipHoriz=False, flipVert=False, font='Arial', fontFiles=[], height=0.1, italic=False, languageStyle='LTR', name='target_text', opacity=1.0, ori=0, pos=array([0.75, 0.  ]), rgb=array([255.,   0.,   0.]), text='default text', units='height', win=Window(...), wrapWidth=1)
11.5074 	EXP 	Created record_notification = TextStim(__class__=<class 'psychopy.visual.text.TextStim'>, alignHoriz='center', alignVert='center', antialias=True, autoLog=True, bold=False, color='white', colorSpace='named', contrast=1.0, depth=-8.0, flipHoriz=False, flipVert=False, font='Arial', fontFiles=[], height=0.1, italic=False, languageStyle='LTR', name='record_notification', opacity=1.0, ori=0, pos=array([ 0. , -0.5]), rgb=array([255., 255., 255.]), text='default text', units='height', win=Window(...), wrapWidth=1)
11.5571 	EXP 	Created End_text = TextStim(__class__=<class 'psychopy.visual.text.TextStim'>, alignHoriz='center', alignVert='center', antialias=True, autoLog=True, bold=False, color='white', colorSpace='named', contrast=1.0, depth=0.0, flipHoriz=False, flipVert=False, font='Arial', fontFiles=[], height=0.1, italic=False, languageStyle='LTR', name='End_text', opacity=1.0, ori=0, pos=array([0., 0.]), rgb=array([255., 255., 255.]), text=str(...), units='height', win=Window(...), wrapWidth=1)
11.5910 	EXP 	instructiontext: autoDraw = True
14.6216 	EXP 	Imported conditions.xlsx as conditions, 1 conditions, 7 params
14.6219 	EXP 	Created sequence: random, trialTypes=1, nReps=5, seed=None
14.6222 	EXP 	New trial (rep=0, index=0): OrderedDict([('word1', 'Eye'), ('word2', 'Cap'), ('prime', 'Pun'), ('target', '潘'), ('wrecord1', 'Eye.wav'), ('wrecord2', 'Cap.wav'), ('precord3', 'Pun.wav')])
14.6613 	EXP 	frequency of recording onset marker: 19000.0
14.6616 	EXP 	Set pan_record.marker_tone sound=19000.0
14.6825 	DATA 	Keypress: space
14.6848 	EXP 	instructiontext: autoDraw = False
14.6848 	EXP 	text1: text = 'Eye'
14.6848 	EXP 	text2: text = 'Cap'
14.6848 	EXP 	prime_text: text = 'Pun'
14.6848 	EXP 	target_text: text = '潘'
14.6848 	EXP 	record_notification: text = 'Please say the word: pan'
14.6848 	EXP 	text1: autoDraw = True
18.5981 	DATA 	Keypress: escape
18.6788 	EXP 	text2: autoDraw = True
18.9743 	EXP 	window1: mouseVisible = True
