7.8200 	WARNING 	User requested fullscreen with size [1024  768], but screen is actually [1920, 1080]. Using actual size
9.0751 	EXP 	Created window1 = Window(allowGUI=False, allowStencil=False, args=UNKNOWN, autoLog=True, bitsMode=UNKNOWN, blendMode='avg', color=array([0., 0., 0.]), colorSpace='rgb', fullscr=<method-wrapper '__getattribute__' of attributeSetter object at 0x000001C02E7E4908>, gamma=None, gammaErrorPolicy='raise', kwargs=UNKNOWN, lms=UNKNOWN, monitor=<psychopy.monitors.calibTools.Monitor object at 0x000001C02EAA3128>, multiSample=False, name='window1', numSamples=2, pos=[0.0, 0.0], screen=0, size=array([1920, 1080]), stereo=False, units='height', useFBO=True, useRetina=False, viewOri=0.0, viewPos=None, viewScale=None, waitBlanking=True, winType='pyglet')
9.0752 	WARNING 	Starting Microphone but sound lib preference is set to be ['sounddevice', 'PTB', 'pyo', 'pygame']. Clashes might occur since 'pyo' is not preferred lib but is needed for Microphone
10.2038 	EXP 	Set  sound=C
10.2054 	EXP 	C:\Program Files\PsychoPy3\lib\site-packages\psychopy\microphone: switch on (48000hz) took 1.130s
10.2054 	EXP 	window1: recordFrameIntervals = False
10.3397 	EXP 	window1: recordFrameIntervals = True
10.5236 	EXP 	window1: recordFrameIntervals = False
10.7569 	EXP 	Created instructiontext = TextStim(__class__=<class 'psychopy.visual.text.TextStim'>, alignHoriz='center', alignVert='center', antialias=True, autoLog=True, bold=False, color='white', colorSpace='named', contrast=1.0, depth=0.0, flipHoriz=False, flipVert=False, font='Arial', fontFiles=[], height=0.05, italic=False, languageStyle='LTR', name='instructiontext', opacity=1.0, ori=0, pos=array([0., 0.]), rgb=array([255., 255., 255.]), text=str(...), units='height', win=Window(...), wrapWidth=1)
10.7662 	EXP 	Created Key = TextStim(__class__=<class 'psychopy.visual.text.TextStim'>, alignHoriz='center', alignVert='center', antialias=True, autoLog=True, bold=False, color='Red', colorSpace='named', contrast=1.0, depth=-2.0, flipHoriz=False, flipVert=False, font='Arial', fontFiles=[], height=0.05, italic=False, languageStyle='LTR', name='Key', opacity=1.0, ori=0, pos=array([ 0. , -0.3]), rgb=array([255.,   0.,   0.]), text='Press the space key to proceed.', units='height', win=Window(...), wrapWidth=1)
10.7809 	EXP 	Created text = TextStim(__class__=<class 'psychopy.visual.text.TextStim'>, alignHoriz='center', alignVert='center', antialias=True, autoLog=True, bold=False, color='white', colorSpace='named', contrast=1.0, depth=0.0, flipHoriz=False, flipVert=False, font='Arial', fontFiles=[], height=0.05, italic=False, languageStyle='LTR', name='text', opacity=1.0, ori=0, pos=array([0., 0.]), rgb=array([255., 255., 255.]), text=str(...), units='height', win=Window(...), wrapWidth=1)
10.7883 	EXP 	Created text_2 = TextStim(__class__=<class 'psychopy.visual.text.TextStim'>, alignHoriz='center', alignVert='center', antialias=True, autoLog=True, bold=False, color='Red', colorSpace='named', contrast=1.0, depth=-1.0, flipHoriz=False, flipVert=False, font='Arial', fontFiles=[], height=0.05, italic=False, languageStyle='LTR', name='text_2', opacity=1.0, ori=0, pos=array([ 0. , -0.2]), rgb=array([255.,   0.,   0.]), text='Press the space key to proceed.', units='height', win=Window(...), wrapWidth=1)
10.8095 	EXP 	Created text1_2 = TextStim(__class__=<class 'psychopy.visual.text.TextStim'>, alignHoriz='center', alignVert='center', antialias=True, autoLog=True, bold=False, color='blue', colorSpace='named', contrast=1.0, depth=0.0, flipHoriz=False, flipVert=False, font='Arial', fontFiles=[], height=0.1, italic=False, languageStyle='LTR', name='text1_2', opacity=1.0, ori=0, pos=array([-0.75,  0.  ]), rgb=array([  0.,   0., 255.]), text='default text', units='height', win=Window(...), wrapWidth=1)
10.8999 	EXP 	Sound sound1_2 set volume 1.000
10.9038 	EXP 	Created text2_2 = TextStim(__class__=<class 'psychopy.visual.text.TextStim'>, alignHoriz='center', alignVert='center', antialias=True, autoLog=True, bold=False, color='blue', colorSpace='named', contrast=1.0, depth=-2.0, flipHoriz=False, flipVert=False, font='Arial', fontFiles=[], height=0.1, italic=False, languageStyle='LTR', name='text2_2', opacity=1.0, ori=0, pos=array([-0.25,  0.  ]), rgb=array([  0.,   0., 255.]), text='default text', units='height', win=Window(...), wrapWidth=1)
10.9039 	EXP 	Sound sound2_2 set volume 1.000
10.9074 	EXP 	Created prime_text_2 = TextStim(__class__=<class 'psychopy.visual.text.TextStim'>, alignHoriz='center', alignVert='center', antialias=True, autoLog=True, bold=False, color='blue', colorSpace='named', contrast=1.0, depth=-4.0, flipHoriz=False, flipVert=False, font='Arial', fontFiles=[], height=0.1, italic=False, languageStyle='LTR', name='prime_text_2', opacity=1.0, ori=0, pos=array([0.25, 0.  ]), rgb=array([  0.,   0., 255.]), text='default text', units='height', win=Window(...), wrapWidth=1)
10.9075 	EXP 	Sound prime_sound_2 set volume 1.000
10.9114 	EXP 	Created target_text_2 = TextStim(__class__=<class 'psychopy.visual.text.TextStim'>, alignHoriz='center', alignVert='center', antialias=True, autoLog=True, bold=False, color='red', colorSpace='named', contrast=1.0, depth=-6.0, flipHoriz=False, flipVert=False, font='Arial', fontFiles=[], height=0.1, italic=False, languageStyle='LTR', name='target_text_2', opacity=1.0, ori=0, pos=array([0.75, 0.  ]), rgb=array([255.,   0.,   0.]), text='default text', units='height', win=Window(...), wrapWidth=1)
10.9150 	EXP 	Created record_notification_2 = TextStim(__class__=<class 'psychopy.visual.text.TextStim'>, alignHoriz='center', alignVert='center', antialias=True, autoLog=True, bold=False, color='white', colorSpace='named', contrast=1.0, depth=-8.0, flipHoriz=False, flipVert=False, font='Arial', fontFiles=[], height=0.1, italic=False, languageStyle='LTR', name='record_notification_2', opacity=1.0, ori=0, pos=array([ 0. , -0.5]), rgb=array([255., 255., 255.]), text='default text', units='height', win=Window(...), wrapWidth=1)
10.9280 	EXP 	Created instruction = TextStim(__class__=<class 'psychopy.visual.text.TextStim'>, alignHoriz='center', alignVert='center', antialias=True, autoLog=True, bold=False, color='white', colorSpace='named', contrast=1.0, depth=-9.0, flipHoriz=False, flipVert=False, font='Arial', fontFiles=[], height=0.05, italic=False, languageStyle='LTR', name='instruction', opacity=1.0, ori=0, pos=array([0. , 0.2]), rgb=array([255., 255., 255.]), text=str(...), units='height', win=Window(...), wrapWidth=1)
10.9363 	EXP 	Created text_3 = TextStim(__class__=<class 'psychopy.visual.text.TextStim'>, alignHoriz='center', alignVert='center', antialias=True, autoLog=True, bold=False, color='white', colorSpace='named', contrast=1.0, depth=0.0, flipHoriz=False, flipVert=False, font='Arial', fontFiles=[], height=0.05, italic=False, languageStyle='LTR', name='text_3', opacity=1.0, ori=0, pos=array([0. , 0.2]), rgb=array([255., 255., 255.]), text='Thank you for completing the practice.', units='height', win=Window(...), wrapWidth=1)
10.9469 	EXP 	Created text_4 = TextStim(__class__=<class 'psychopy.visual.text.TextStim'>, alignHoriz='center', alignVert='center', antialias=True, autoLog=True, bold=False, color='Red', colorSpace='named', contrast=1.0, depth=-1.0, flipHoriz=False, flipVert=False, font='Arial', fontFiles=[], height=0.05, italic=False, languageStyle='LTR', name='text_4', opacity=1.0, ori=0, pos=array([0., 0.]), rgb=array([255.,   0.,   0.]), text=str(...), units='height', win=Window(...), wrapWidth=1)
10.9555 	EXP 	Created text_5 = TextStim(__class__=<class 'psychopy.visual.text.TextStim'>, alignHoriz='center', alignVert='center', antialias=True, autoLog=True, bold=False, color='white', colorSpace='named', contrast=1.0, depth=-2.0, flipHoriz=False, flipVert=False, font='Arial', fontFiles=[], height=0.05, italic=False, languageStyle='LTR', name='text_5', opacity=1.0, ori=0, pos=array([ 0. , -0.2]), rgb=array([255., 255., 255.]), text=str(...), units='height', win=Window(...), wrapWidth=1)
10.9699 	EXP 	Created text_6 = TextStim(__class__=<class 'psychopy.visual.text.TextStim'>, alignHoriz='center', alignVert='center', antialias=True, autoLog=True, bold=False, color='white', colorSpace='named', contrast=1.0, depth=0.0, flipHoriz=False, flipVert=False, font='Arial', fontFiles=[], height=0.1, italic=False, languageStyle='LTR', name='text_6', opacity=1.0, ori=0, pos=array([0., 0.]), rgb=array([255., 255., 255.]), text='Actual trials start.', units='height', win=Window(...), wrapWidth=1)
10.9738 	EXP 	Created text1 = TextStim(__class__=<class 'psychopy.visual.text.TextStim'>, alignHoriz='center', alignVert='center', antialias=True, autoLog=True, bold=False, color='blue', colorSpace='named', contrast=1.0, depth=0.0, flipHoriz=False, flipVert=False, font='Arial', fontFiles=[], height=0.1, italic=False, languageStyle='LTR', name='text1', opacity=1.0, ori=0, pos=array([-0.75,  0.  ]), rgb=array([  0.,   0., 255.]), text='default text', units='height', win=Window(...), wrapWidth=1)
10.9739 	EXP 	Sound sound1 set volume 1.000
10.9775 	EXP 	Created text2 = TextStim(__class__=<class 'psychopy.visual.text.TextStim'>, alignHoriz='center', alignVert='center', antialias=True, autoLog=True, bold=False, color='blue', colorSpace='named', contrast=1.0, depth=-2.0, flipHoriz=False, flipVert=False, font='Arial', fontFiles=[], height=0.1, italic=False, languageStyle='LTR', name='text2', opacity=1.0, ori=0, pos=array([-0.25,  0.  ]), rgb=array([  0.,   0., 255.]), text='default text', units='height', win=Window(...), wrapWidth=1)
10.9776 	EXP 	Sound sound2 set volume 1.000
10.9815 	EXP 	Created prime_text = TextStim(__class__=<class 'psychopy.visual.text.TextStim'>, alignHoriz='center', alignVert='center', antialias=True, autoLog=True, bold=False, color='blue', colorSpace='named', contrast=1.0, depth=-4.0, flipHoriz=False, flipVert=False, font='Arial', fontFiles=[], height=0.1, italic=False, languageStyle='LTR', name='prime_text', opacity=1.0, ori=0, pos=array([0.25, 0.  ]), rgb=array([  0.,   0., 255.]), text='default text', units='height', win=Window(...), wrapWidth=1)
10.9816 	EXP 	Sound prime_sound set volume 1.000
10.9854 	EXP 	Created target_text = TextStim(__class__=<class 'psychopy.visual.text.TextStim'>, alignHoriz='center', alignVert='center', antialias=True, autoLog=True, bold=False, color='red', colorSpace='named', contrast=1.0, depth=-6.0, flipHoriz=False, flipVert=False, font='Arial', fontFiles=[], height=0.1, italic=False, languageStyle='LTR', name='target_text', opacity=1.0, ori=0, pos=array([0.75, 0.  ]), rgb=array([255.,   0.,   0.]), text='default text', units='height', win=Window(...), wrapWidth=1)
10.9891 	EXP 	Created record_notification = TextStim(__class__=<class 'psychopy.visual.text.TextStim'>, alignHoriz='center', alignVert='center', antialias=True, autoLog=True, bold=False, color='white', colorSpace='named', contrast=1.0, depth=-8.0, flipHoriz=False, flipVert=False, font='Arial', fontFiles=[], height=0.1, italic=False, languageStyle='LTR', name='record_notification', opacity=1.0, ori=0, pos=array([ 0. , -0.5]), rgb=array([255., 255., 255.]), text='default text', units='height', win=Window(...), wrapWidth=1)
11.0021 	EXP 	Created End_text = TextStim(__class__=<class 'psychopy.visual.text.TextStim'>, alignHoriz='center', alignVert='center', antialias=True, autoLog=True, bold=False, color='white', colorSpace='named', contrast=1.0, depth=0.0, flipHoriz=False, flipVert=False, font='Arial', fontFiles=[], height=0.05, italic=False, languageStyle='LTR', name='End_text', opacity=1.0, ori=0, pos=array([0., 0.]), rgb=array([255., 255., 255.]), text=str(...), units='height', win=Window(...), wrapWidth=1)
11.0336 	EXP 	instructiontext: autoDraw = True
11.0336 	EXP 	Key: autoDraw = True
19.4111 	DATA 	Keypress: space
19.4179 	EXP 	instructiontext: autoDraw = False
19.4179 	EXP 	Key: autoDraw = False
19.4179 	EXP 	text: autoDraw = True
19.4179 	EXP 	text_2: autoDraw = True
21.7811 	EXP 	Imported Practice condition.xlsx as conditions, 2 conditions, 8 params
21.7814 	EXP 	Created sequence: random, trialTypes=2, nReps=1, seed=None
21.7817 	EXP 	New trial (rep=0, index=0): OrderedDict([('word1', 'Ids'), ('word2', 'gsd'), ('prime', 'fgh'), ('target', '怕'), ('wrecord1', 'Eye.wav'), ('wrecord2', 'Cap.wav'), ('precord3', 'Pun.wav'), ('Rname', '怕_close_English')])
21.8104 	EXP 	frequency of recording onset marker: 19000.0
21.8107 	EXP 	Set pan_record_2.marker_tone sound=19000.0
21.8305 	DATA 	Keypress: space
21.8334 	EXP 	text: autoDraw = False
21.8334 	EXP 	text_2: autoDraw = False
21.8334 	EXP 	text1_2: text = 'Ids'
21.8334 	EXP 	text2_2: text = 'gsd'
21.8334 	EXP 	prime_text_2: text = 'fgh'
21.8334 	EXP 	target_text_2: text = '怕'
21.8334 	EXP 	record_notification_2: text = 'Please say the word: pan'
21.8334 	EXP 	text1_2: autoDraw = True
21.8334 	EXP 	instruction: autoDraw = True
25.8311 	EXP 	text2_2: autoDraw = True
29.8292 	EXP 	prime_text_2: autoDraw = True
33.8273 	EXP 	target_text_2: autoDraw = True
33.8273 	EXP 	record_notification_2: autoDraw = True
33.8284 	EXP 	Sound pan_record_2.marker_tone started
33.8284 	DATA 	AdvAudioCapture pan_record_2: Record: onset 1582472366, capture 4.000s
33.8299 	EXP 	AdvAudioCapture pan_record_2: Record: return immediately, no blocking
37.7446 	DATA 	AdvAudioCapture pan_record_2: Record stopped early, new duration 3.916s
37.7460 	EXP 	New trial (rep=0, index=1): OrderedDict([('word1', 'Eye'), ('word2', 'Cap'), ('prime', 'Pun'), ('target', '潘'), ('wrecord1', 'Eye.wav'), ('wrecord2', 'Cap.wav'), ('precord3', 'Pun.wav'), ('Rname', '潘_close_English')])
37.7733 	EXP 	frequency of recording onset marker: 19000.0
37.7735 	EXP 	Set pan_record_2.marker_tone sound=19000.0
37.7790 	EXP 	text1_2: autoDraw = False
37.7790 	EXP 	text2_2: autoDraw = False
37.7790 	EXP 	prime_text_2: autoDraw = False
37.7790 	EXP 	target_text_2: autoDraw = False
37.7790 	EXP 	record_notification_2: autoDraw = False
37.7790 	EXP 	instruction: autoDraw = False
37.7790 	EXP 	text1_2: text = 'Eye'
37.7790 	EXP 	text2_2: text = 'Cap'
37.7790 	EXP 	prime_text_2: text = 'Pun'
37.7790 	EXP 	target_text_2: text = '潘'
37.7790 	EXP 	record_notification_2: text = 'Please say the word: pan'
37.7790 	EXP 	text1_2: autoDraw = True
37.7790 	EXP 	instruction: autoDraw = True
41.7727 	EXP 	text2_2: autoDraw = True
45.7871 	EXP 	prime_text_2: autoDraw = True
49.7852 	EXP 	target_text_2: autoDraw = True
49.7852 	EXP 	record_notification_2: autoDraw = True
49.7863 	EXP 	Sound pan_record_2.marker_tone started
49.7864 	DATA 	AdvAudioCapture pan_record_2: Record: onset 1582472382, capture 4.000s
49.7888 	EXP 	AdvAudioCapture pan_record_2: Record: return immediately, no blocking
53.7519 	DATA 	AdvAudioCapture pan_record_2: Record stopped early, new duration 3.965s
53.7658 	EXP 	text1_2: autoDraw = False
53.7658 	EXP 	text2_2: autoDraw = False
53.7658 	EXP 	prime_text_2: autoDraw = False
53.7658 	EXP 	target_text_2: autoDraw = False
53.7658 	EXP 	record_notification_2: autoDraw = False
53.7658 	EXP 	instruction: autoDraw = False
53.7658 	EXP 	text_3: autoDraw = True
53.7658 	EXP 	text_4: autoDraw = True
53.7658 	EXP 	text_5: autoDraw = True
65.3335 	DATA 	Keypress: space
65.3424 	EXP 	text_3: autoDraw = False
65.3424 	EXP 	text_4: autoDraw = False
65.3424 	EXP 	text_5: autoDraw = False
65.3424 	EXP 	text_6: autoDraw = True
68.3573 	EXP 	Imported conditions.xlsx as conditions, 2 conditions, 8 params
68.3578 	EXP 	Created sequence: random, trialTypes=2, nReps=1, seed=None
68.3585 	EXP 	New trial (rep=0, index=0): OrderedDict([('word1', 'Eye'), ('word2', 'Cap'), ('prime', 'Pun'), ('target', '潘'), ('wrecord1', 'Eye.wav'), ('wrecord2', 'Cap.wav'), ('precord3', 'Pun.wav'), ('Rname', '潘_close_English')])
68.3860 	EXP 	frequency of recording onset marker: 19000.0
68.3863 	EXP 	Set pan_record.marker_tone sound=19000.0
68.4025 	EXP 	text_6: autoDraw = False
68.4025 	EXP 	text1: text = 'Eye'
68.4025 	EXP 	text2: text = 'Cap'
68.4025 	EXP 	prime_text: text = 'Pun'
68.4025 	EXP 	target_text: text = '潘'
68.4025 	EXP 	record_notification: text = 'Please say the word: pan'
68.4025 	EXP 	text1: autoDraw = True
72.3888 	EXP 	text2: autoDraw = True
76.3868 	EXP 	prime_text: autoDraw = True
80.4012 	EXP 	target_text: autoDraw = True
80.4012 	EXP 	record_notification: autoDraw = True
80.4025 	EXP 	Sound pan_record.marker_tone started
80.4026 	DATA 	AdvAudioCapture pan_record: Record: onset 1582472413, capture 4.000s
80.4075 	EXP 	AdvAudioCapture pan_record: Record: return immediately, no blocking
84.3344 	DATA 	AdvAudioCapture pan_record: Record stopped early, new duration 3.932s
84.3351 	EXP 	New trial (rep=0, index=1): OrderedDict([('word1', 'Ids'), ('word2', 'gsd'), ('prime', 'fgh'), ('target', '怕'), ('wrecord1', 'Eye.wav'), ('wrecord2', 'Cap.wav'), ('precord3', 'Pun.wav'), ('Rname', '怕_close_English')])
84.3543 	EXP 	frequency of recording onset marker: 19000.0
84.3545 	EXP 	Set pan_record.marker_tone sound=19000.0
84.3597 	EXP 	text1: autoDraw = False
84.3597 	EXP 	text2: autoDraw = False
84.3597 	EXP 	prime_text: autoDraw = False
84.3597 	EXP 	target_text: autoDraw = False
84.3597 	EXP 	record_notification: autoDraw = False
84.3597 	EXP 	text1: text = 'Ids'
84.3597 	EXP 	text2: text = 'gsd'
84.3597 	EXP 	prime_text: text = 'fgh'
84.3597 	EXP 	target_text: text = '怕'
84.3597 	EXP 	record_notification: text = 'Please say the word: pan'
84.3597 	EXP 	text1: autoDraw = True
88.3465 	EXP 	text2: autoDraw = True
92.3446 	EXP 	prime_text: autoDraw = True
96.3592 	EXP 	target_text: autoDraw = True
96.3592 	EXP 	record_notification: autoDraw = True
96.3604 	EXP 	Sound pan_record.marker_tone started
96.3605 	DATA 	AdvAudioCapture pan_record: Record: onset 1582472429, capture 4.000s
96.3631 	EXP 	AdvAudioCapture pan_record: Record: return immediately, no blocking
100.3426 	DATA 	AdvAudioCapture pan_record: Record stopped early, new duration 3.982s
100.3567 	EXP 	text1: autoDraw = False
100.3567 	EXP 	text2: autoDraw = False
100.3567 	EXP 	prime_text: autoDraw = False
100.3567 	EXP 	target_text: autoDraw = False
100.3567 	EXP 	record_notification: autoDraw = False
100.3567 	EXP 	End_text: autoDraw = True
109.9065 	DATA 	Keypress: space
109.9178 	EXP 	End_text: autoDraw = False
110.0476 	EXP 	window1: mouseVisible = True
