7.8804 	WARNING 	User requested fullscreen with size [1024  768], but screen is actually [2560, 1440]. Using actual size
10.3708 	EXP 	Created window1 = Window(allowGUI=False, allowStencil=False, args=UNKNOWN, autoLog=True, bitsMode=UNKNOWN, blendMode='avg', color=array([0., 0., 0.]), colorSpace='rgb', fullscr=<method-wrapper '__getattribute__' of attributeSetter object at 0x0000027157CF5DA0>, gamma=None, gammaErrorPolicy='raise', kwargs=UNKNOWN, lms=UNKNOWN, monitor=<psychopy.monitors.calibTools.Monitor object at 0x0000027157DA71D0>, multiSample=False, name='window1', numSamples=2, pos=[0.0, 0.0], screen=0, size=array([2560, 1440]), stereo=False, units='height', useFBO=True, useRetina=False, viewOri=0.0, viewPos=None, viewScale=None, waitBlanking=True, winType='pyglet')
10.3709 	WARNING 	Starting Microphone but sound lib preference is set to be ['sounddevice', 'PTB', 'pyo', 'pygame']. Clashes might occur since 'pyo' is not preferred lib but is needed for Microphone
11.8093 	EXP 	Set  sound=C
11.8134 	EXP 	C:\Program Files\PsychoPy3\lib\site-packages\psychopy\microphone: switch on (48000hz) took 1.443s
11.8134 	EXP 	window1: recordFrameIntervals = False
11.9369 	EXP 	window1: recordFrameIntervals = True
12.1204 	EXP 	window1: recordFrameIntervals = False
12.6473 	EXP 	Created instructiontext = TextStim(__class__=<class 'psychopy.visual.text.TextStim'>, alignHoriz='center', alignVert='center', antialias=True, autoLog=True, bold=False, color='white', colorSpace='named', contrast=1.0, depth=0.0, flipHoriz=False, flipVert=False, font='Arial', fontFiles=[], height=0.1, italic=False, languageStyle='LTR', name='instructiontext', opacity=1.0, ori=0, pos=array([0., 0.]), rgb=array([255., 255., 255.]), text=str(...), units='height', win=Window(...), wrapWidth=1)
12.6650 	EXP 	Created text1 = TextStim(__class__=<class 'psychopy.visual.text.TextStim'>, alignHoriz='center', alignVert='center', antialias=True, autoLog=True, bold=False, color='blue', colorSpace='named', contrast=1.0, depth=0.0, flipHoriz=False, flipVert=False, font='Arial', fontFiles=[], height=0.1, italic=False, languageStyle='LTR', name='text1', opacity=1.0, ori=0, pos=array([-0.75,  0.  ]), rgb=array([  0.,   0., 255.]), text='default text', units='height', win=Window(...), wrapWidth=1)
12.6728 	EXP 	Sound sound1 set volume 1.000
12.6804 	EXP 	Created text2 = TextStim(__class__=<class 'psychopy.visual.text.TextStim'>, alignHoriz='center', alignVert='center', antialias=True, autoLog=True, bold=False, color='blue', colorSpace='named', contrast=1.0, depth=-2.0, flipHoriz=False, flipVert=False, font='Arial', fontFiles=[], height=0.1, italic=False, languageStyle='LTR', name='text2', opacity=1.0, ori=0, pos=array([-0.25,  0.  ]), rgb=array([  0.,   0., 255.]), text='default text', units='height', win=Window(...), wrapWidth=1)
12.6804 	EXP 	Sound sound2 set volume 1.000
12.6885 	EXP 	Created prime_text = TextStim(__class__=<class 'psychopy.visual.text.TextStim'>, alignHoriz='center', alignVert='center', antialias=True, autoLog=True, bold=False, color='blue', colorSpace='named', contrast=1.0, depth=-4.0, flipHoriz=False, flipVert=False, font='Arial', fontFiles=[], height=0.1, italic=False, languageStyle='LTR', name='prime_text', opacity=1.0, ori=0, pos=array([0.25, 0.  ]), rgb=array([  0.,   0., 255.]), text='default text', units='height', win=Window(...), wrapWidth=1)
12.6886 	EXP 	Sound prime_sound set volume 1.000
12.6969 	EXP 	Created target_text = TextStim(__class__=<class 'psychopy.visual.text.TextStim'>, alignHoriz='center', alignVert='center', antialias=True, autoLog=True, bold=False, color='red', colorSpace='named', contrast=1.0, depth=-6.0, flipHoriz=False, flipVert=False, font='Arial', fontFiles=[], height=0.1, italic=False, languageStyle='LTR', name='target_text', opacity=1.0, ori=0, pos=array([0.75, 0.  ]), rgb=array([255.,   0.,   0.]), text='default text', units='height', win=Window(...), wrapWidth=1)
12.7043 	EXP 	Created record_notification = TextStim(__class__=<class 'psychopy.visual.text.TextStim'>, alignHoriz='center', alignVert='center', antialias=True, autoLog=True, bold=False, color='white', colorSpace='named', contrast=1.0, depth=-8.0, flipHoriz=False, flipVert=False, font='Arial', fontFiles=[], height=0.1, italic=False, languageStyle='LTR', name='record_notification', opacity=1.0, ori=0, pos=array([ 0. , -0.5]), rgb=array([255., 255., 255.]), text='default text', units='height', win=Window(...), wrapWidth=1)
12.7602 	EXP 	Created End_text = TextStim(__class__=<class 'psychopy.visual.text.TextStim'>, alignHoriz='center', alignVert='center', antialias=True, autoLog=True, bold=False, color='white', colorSpace='named', contrast=1.0, depth=0.0, flipHoriz=False, flipVert=False, font='Arial', fontFiles=[], height=0.1, italic=False, languageStyle='LTR', name='End_text', opacity=1.0, ori=0, pos=array([0., 0.]), rgb=array([255., 255., 255.]), text=str(...), units='height', win=Window(...), wrapWidth=1)
12.8120 	EXP 	instructiontext: autoDraw = True
13.4151 	EXP 	Imported conditions.xlsx as conditions, 2 conditions, 8 params
13.4154 	EXP 	Created sequence: random, trialTypes=2, nReps=1, seed=None
13.4159 	EXP 	New trial (rep=0, index=0): OrderedDict([('word1', 'Ids'), ('word2', 'gsd'), ('prime', 'fgh'), ('target', '怕'), ('wrecord1', 'Eye.wav'), ('wrecord2', 'Cap.wav'), ('precord3', 'Pun.wav'), ('Rname', '怕e_English')])
13.4554 	EXP 	frequency of recording onset marker: 19000.0
13.4557 	EXP 	Set 怕e_English.marker_tone sound=19000.0
13.4829 	DATA 	Keypress: space
13.4848 	EXP 	instructiontext: autoDraw = False
13.4848 	EXP 	text1: text = 'Ids'
13.4848 	EXP 	text2: text = 'gsd'
13.4848 	EXP 	prime_text: text = 'fgh'
13.4848 	EXP 	target_text: text = '怕'
13.4848 	EXP 	record_notification: text = 'Please say the word: pan'
13.4848 	EXP 	text1: autoDraw = True
17.4863 	EXP 	text2: autoDraw = True
21.4861 	EXP 	prime_text: autoDraw = True
25.4862 	EXP 	target_text: autoDraw = True
25.4862 	EXP 	record_notification: autoDraw = True
25.4871 	EXP 	Sound 怕e_English.marker_tone started
25.4872 	DATA 	AdvAudioCapture 怕e_English: Record: onset 1581812010, capture 4.000s
25.4888 	EXP 	AdvAudioCapture 怕e_English: Record: return immediately, no blocking
29.3926 	DATA 	AdvAudioCapture 怕e_English: Record stopped early, new duration 3.900s
29.3940 	EXP 	New trial (rep=0, index=1): OrderedDict([('word1', 'Eye'), ('word2', 'Cap'), ('prime', 'Pun'), ('target', '潘'), ('wrecord1', 'Eye.wav'), ('wrecord2', 'Cap.wav'), ('precord3', 'Pun.wav'), ('Rname', '潘_close_English')])
29.4403 	EXP 	frequency of recording onset marker: 19000.0
29.4405 	EXP 	Set 潘_close_English.marker_tone sound=19000.0
29.4458 	EXP 	text1: autoDraw = False
29.4458 	EXP 	text2: autoDraw = False
29.4458 	EXP 	prime_text: autoDraw = False
29.4458 	EXP 	target_text: autoDraw = False
29.4458 	EXP 	record_notification: autoDraw = False
29.4458 	EXP 	text1: text = 'Eye'
29.4458 	EXP 	text2: text = 'Cap'
29.4458 	EXP 	prime_text: text = 'Pun'
29.4458 	EXP 	target_text: text = '潘'
29.4458 	EXP 	record_notification: text = 'Please say the word: pan'
29.4458 	EXP 	text1: autoDraw = True
33.4352 	EXP 	text2: autoDraw = True
37.4347 	EXP 	prime_text: autoDraw = True
41.4348 	EXP 	target_text: autoDraw = True
41.4348 	EXP 	record_notification: autoDraw = True
41.4355 	EXP 	Sound 潘_close_English.marker_tone started
41.4356 	DATA 	AdvAudioCapture 潘_close_English: Record: onset 1581812026, capture 4.000s
41.4370 	EXP 	AdvAudioCapture 潘_close_English: Record: return immediately, no blocking
45.3902 	DATA 	AdvAudioCapture 潘_close_English: Record stopped early, new duration 3.950s
45.4025 	EXP 	text1: autoDraw = False
45.4025 	EXP 	text2: autoDraw = False
45.4025 	EXP 	prime_text: autoDraw = False
45.4025 	EXP 	target_text: autoDraw = False
45.4025 	EXP 	record_notification: autoDraw = False
45.4025 	EXP 	End_text: autoDraw = True
48.3895 	DATA 	Keypress: escape
48.8766 	EXP 	window1: mouseVisible = True
