8.6744 	WARNING 	User requested fullscreen with size [1024  768], but screen is actually [2560, 1440]. Using actual size
11.1216 	EXP 	Created window1 = Window(allowGUI=False, allowStencil=False, args=UNKNOWN, autoLog=True, bitsMode=UNKNOWN, blendMode='avg', color=array([0., 0., 0.]), colorSpace='rgb', fullscr=<method-wrapper '__getattribute__' of attributeSetter object at 0x000001FF52437EF0>, gamma=None, gammaErrorPolicy='raise', kwargs=UNKNOWN, lms=UNKNOWN, monitor=<psychopy.monitors.calibTools.Monitor object at 0x000001FF5297E2E8>, multiSample=False, name='window1', numSamples=2, pos=[0.0, 0.0], screen=0, size=array([2560, 1440]), stereo=False, units='height', useFBO=True, useRetina=False, viewOri=0.0, viewPos=None, viewScale=None, waitBlanking=True, winType='pyglet')
11.1216 	WARNING 	Starting Microphone but sound lib preference is set to be ['sounddevice', 'PTB', 'pyo', 'pygame']. Clashes might occur since 'pyo' is not preferred lib but is needed for Microphone
12.5414 	EXP 	Set  sound=C
12.5454 	EXP 	C:\Program Files\PsychoPy3\lib\site-packages\psychopy\microphone: switch on (48000hz) took 1.424s
12.5455 	EXP 	window1: recordFrameIntervals = False
12.6710 	EXP 	window1: recordFrameIntervals = True
12.8547 	EXP 	window1: recordFrameIntervals = False
13.3902 	EXP 	Created instructiontext = TextStim(__class__=<class 'psychopy.visual.text.TextStim'>, alignHoriz='center', alignVert='center', antialias=True, autoLog=True, bold=False, color='white', colorSpace='named', contrast=1.0, depth=0.0, flipHoriz=False, flipVert=False, font='Arial', fontFiles=[], height=0.1, italic=False, languageStyle='LTR', name='instructiontext', opacity=1.0, ori=0, pos=array([0., 0.]), rgb=array([255., 255., 255.]), text=str(...), units='height', win=Window(...), wrapWidth=1)
13.4077 	EXP 	Created text1 = TextStim(__class__=<class 'psychopy.visual.text.TextStim'>, alignHoriz='center', alignVert='center', antialias=True, autoLog=True, bold=False, color='blue', colorSpace='named', contrast=1.0, depth=0.0, flipHoriz=False, flipVert=False, font='Arial', fontFiles=[], height=0.1, italic=False, languageStyle='LTR', name='text1', opacity=1.0, ori=0, pos=array([-0.75,  0.  ]), rgb=array([  0.,   0., 255.]), text='default text', units='height', win=Window(...), wrapWidth=1)
13.4151 	EXP 	Sound sound1 set volume 1.000
13.4233 	EXP 	Created text2 = TextStim(__class__=<class 'psychopy.visual.text.TextStim'>, alignHoriz='center', alignVert='center', antialias=True, autoLog=True, bold=False, color='blue', colorSpace='named', contrast=1.0, depth=-2.0, flipHoriz=False, flipVert=False, font='Arial', fontFiles=[], height=0.1, italic=False, languageStyle='LTR', name='text2', opacity=1.0, ori=0, pos=array([-0.25,  0.  ]), rgb=array([  0.,   0., 255.]), text='default text', units='height', win=Window(...), wrapWidth=1)
13.4234 	EXP 	Sound sound2 set volume 1.000
13.4320 	EXP 	Created prime_text = TextStim(__class__=<class 'psychopy.visual.text.TextStim'>, alignHoriz='center', alignVert='center', antialias=True, autoLog=True, bold=False, color='blue', colorSpace='named', contrast=1.0, depth=-4.0, flipHoriz=False, flipVert=False, font='Arial', fontFiles=[], height=0.1, italic=False, languageStyle='LTR', name='prime_text', opacity=1.0, ori=0, pos=array([0.25, 0.  ]), rgb=array([  0.,   0., 255.]), text='default text', units='height', win=Window(...), wrapWidth=1)
13.4320 	EXP 	Sound prime_sound set volume 1.000
13.4400 	EXP 	Created target_text = TextStim(__class__=<class 'psychopy.visual.text.TextStim'>, alignHoriz='center', alignVert='center', antialias=True, autoLog=True, bold=False, color='red', colorSpace='named', contrast=1.0, depth=-6.0, flipHoriz=False, flipVert=False, font='Arial', fontFiles=[], height=0.1, italic=False, languageStyle='LTR', name='target_text', opacity=1.0, ori=0, pos=array([0.75, 0.  ]), rgb=array([255.,   0.,   0.]), text='default text', units='height', win=Window(...), wrapWidth=1)
13.4474 	EXP 	Created record_notification = TextStim(__class__=<class 'psychopy.visual.text.TextStim'>, alignHoriz='center', alignVert='center', antialias=True, autoLog=True, bold=False, color='white', colorSpace='named', contrast=1.0, depth=-8.0, flipHoriz=False, flipVert=False, font='Arial', fontFiles=[], height=0.1, italic=False, languageStyle='LTR', name='record_notification', opacity=1.0, ori=0, pos=array([ 0. , -0.5]), rgb=array([255., 255., 255.]), text='default text', units='height', win=Window(...), wrapWidth=1)
13.4553 	EXP 	Created text = TextStim(__class__=<class 'psychopy.visual.text.TextStim'>, alignHoriz='center', alignVert='center', antialias=True, autoLog=True, bold=False, color='white', colorSpace='named', contrast=1.0, depth=-9.0, flipHoriz=False, flipVert=False, font='Arial', fontFiles=[], height=0.1, italic=False, languageStyle='LTR', name='text', opacity=1.0, ori=0, pos=array([0., 0.]), rgb=array([255., 255., 255.]), text='default text', units='height', win=Window(...), wrapWidth=1)
13.5103 	EXP 	Created End_text = TextStim(__class__=<class 'psychopy.visual.text.TextStim'>, alignHoriz='center', alignVert='center', antialias=True, autoLog=True, bold=False, color='white', colorSpace='named', contrast=1.0, depth=0.0, flipHoriz=False, flipVert=False, font='Arial', fontFiles=[], height=0.1, italic=False, languageStyle='LTR', name='End_text', opacity=1.0, ori=0, pos=array([0., 0.]), rgb=array([255., 255., 255.]), text=str(...), units='height', win=Window(...), wrapWidth=1)
13.5626 	EXP 	instructiontext: autoDraw = True
22.3000 	EXP 	Imported conditions.xlsx as conditions, 2 conditions, 8 params
22.3004 	EXP 	Created sequence: random, trialTypes=2, nReps=1, seed=None
22.3008 	EXP 	New trial (rep=0, index=0): OrderedDict([('word1', 'Eye'), ('word2', 'Cap'), ('prime', 'Pun'), ('target', '潘'), ('wrecord1', 'Eye.wav'), ('wrecord2', 'Cap.wav'), ('precord3', 'Pun.wav'), ('Rname', 'Prime Item: 潘.close.English')])
22.3443 	EXP 	frequency of recording onset marker: 19000.0
22.3445 	EXP 	Set pan_record.marker_tone sound=19000.0
22.3977 	DATA 	Keypress: space
22.3996 	EXP 	instructiontext: autoDraw = False
22.3996 	EXP 	text1: text = 'Eye'
22.3996 	EXP 	text2: text = 'Cap'
22.3996 	EXP 	prime_text: text = 'Pun'
22.3996 	EXP 	target_text: text = '潘'
22.3996 	EXP 	record_notification: text = 'Please say the word: pan'
22.3996 	EXP 	text: text = 'Prime Item: 潘.close.English'
22.3996 	EXP 	text1: autoDraw = True
22.3996 	EXP 	text: autoDraw = True
26.3871 	EXP 	text2: autoDraw = True
30.3871 	EXP 	prime_text: autoDraw = True
34.3867 	EXP 	target_text: autoDraw = True
34.3867 	EXP 	record_notification: autoDraw = True
34.3874 	EXP 	Sound pan_record.marker_tone started
34.3875 	DATA 	AdvAudioCapture pan_record: Record: onset 1581808340, capture 4.000s
34.3890 	EXP 	AdvAudioCapture pan_record: Record: return immediately, no blocking
38.2769 	DATA 	AdvAudioCapture pan_record: Record stopped early, new duration 3.884s
38.2786 	EXP 	New trial (rep=0, index=1): OrderedDict([('word1', 'Ids'), ('word2', 'gsd'), ('prime', 'fgh'), ('target', '怕'), ('wrecord1', 'Eye.wav'), ('wrecord2', 'Cap.wav'), ('precord3', 'Pun.wav'), ('Rname', 'Prime Item: 怕e.English')])
38.3100 	EXP 	frequency of recording onset marker: 19000.0
38.3104 	EXP 	Set pan_record.marker_tone sound=19000.0
38.3333 	EXP 	text1: autoDraw = False
38.3333 	EXP 	text2: autoDraw = False
38.3333 	EXP 	prime_text: autoDraw = False
38.3333 	EXP 	target_text: autoDraw = False
38.3333 	EXP 	record_notification: autoDraw = False
38.3333 	EXP 	text: autoDraw = False
38.3333 	EXP 	text1: text = 'Ids'
38.3333 	EXP 	text2: text = 'gsd'
38.3333 	EXP 	prime_text: text = 'fgh'
38.3333 	EXP 	target_text: text = '怕'
38.3333 	EXP 	record_notification: text = 'Please say the word: pan'
38.3333 	EXP 	text: text = 'Prime Item: 怕e.English'
38.3333 	EXP 	text1: autoDraw = True
38.3333 	EXP 	text: autoDraw = True
42.3189 	EXP 	text2: autoDraw = True
46.3189 	EXP 	prime_text: autoDraw = True
50.3189 	EXP 	target_text: autoDraw = True
50.3189 	EXP 	record_notification: autoDraw = True
50.3196 	EXP 	Sound pan_record.marker_tone started
50.3197 	DATA 	AdvAudioCapture pan_record: Record: onset 1581808356, capture 4.000s
50.3214 	EXP 	AdvAudioCapture pan_record: Record: return immediately, no blocking
54.2750 	DATA 	AdvAudioCapture pan_record: Record stopped early, new duration 3.950s
54.2861 	EXP 	text1: autoDraw = False
54.2861 	EXP 	text2: autoDraw = False
54.2861 	EXP 	prime_text: autoDraw = False
54.2861 	EXP 	target_text: autoDraw = False
54.2861 	EXP 	record_notification: autoDraw = False
54.2861 	EXP 	text: autoDraw = False
54.2861 	EXP 	End_text: autoDraw = True
56.3911 	DATA 	Keypress: space
56.4182 	EXP 	End_text: autoDraw = False
56.6179 	EXP 	window1: mouseVisible = True
